<?xml version="1.0" encoding="UTF-8"?>
<!-- Generated by org.testng.reporters.JUnitXMLReporter -->
<testsuite hostname="DESKTOP-P1I6A07" ignored="18" name="Test" tests="10" failures="0" timestamp="2022-03-27T16:12:21 IST" time="116.822" errors="0">
  <testcase name="RentalAgt" time="4.55" classname="testCases.RentalAgtTest"/>
  <testcase name="Hostel" time="8.812" classname="testCases.HostelTest"/>
  <testcase name="Flatsale" time="10.583" classname="testCases.FlatsaleTest"/>
  <testcase name="About" time="7.479" classname="testCases.AboutTest"/>
  <testcase name="Blog" time="38.303" classname="testCases.BlogTest"/>
  <testcase name="Elect" time="9.984" classname="testCases.ElectTest"/>
  <testcase name="Seller" time="4.508" classname="testCases.SellerTest"/>
  <testcase name="Login" time="15.087" classname="testCases.LoginTest"/>
  <testcase name="Warehouse" time="8.485" classname="testCases.WarehouseTest"/>
  <testcase name="Post" time="8.853" classname="testCases.PostTest"/>
  <testcase name="@AfterSuite teardown" time="0.0" classname="testCases.BaseClass">
    <ignored/>
  </testcase> <!-- @AfterSuite teardown -->
  <testcase name="@AfterSuite teardown" time="0.0" classname="testCases.BaseClass">
    <ignored/>
  </testcase> <!-- @AfterSuite teardown -->
  <testcase name="@AfterSuite teardown" time="0.0" classname="testCases.BaseClass">
    <ignored/>
  </testcase> <!-- @AfterSuite teardown -->
  <testcase name="@AfterSuite teardown" time="0.0" classname="testCases.BaseClass">
    <ignored/>
  </testcase> <!-- @AfterSuite teardown -->
  <testcase name="@AfterSuite teardown" time="0.0" classname="testCases.BaseClass">
    <ignored/>
  </testcase> <!-- @AfterSuite teardown -->
  <testcase name="@AfterSuite teardown" time="0.0" classname="testCases.BaseClass">
    <ignored/>
  </testcase> <!-- @AfterSuite teardown -->
  <testcase name="@AfterSuite teardown" time="0.0" classname="testCases.BaseClass">
    <ignored/>
  </testcase> <!-- @AfterSuite teardown -->
  <testcase name="@AfterSuite teardown" time="0.0" classname="testCases.BaseClass">
    <ignored/>
  </testcase> <!-- @AfterSuite teardown -->
  <testcase name="@AfterSuite teardown" time="0.0" classname="testCases.BaseClass">
    <ignored/>
  </testcase> <!-- @AfterSuite teardown -->
  <testcase name="@BeforeSuite driversetup" time="0.0" classname="testCases.BaseClass">
    <ignored/>
  </testcase> <!-- @BeforeSuite driversetup -->
  <testcase name="@BeforeSuite driversetup" time="0.0" classname="testCases.BaseClass">
    <ignored/>
  </testcase> <!-- @BeforeSuite driversetup -->
  <testcase name="@BeforeSuite driversetup" time="0.0" classname="testCases.BaseClass">
    <ignored/>
  </testcase> <!-- @BeforeSuite driversetup -->
  <testcase name="@BeforeSuite driversetup" time="0.0" classname="testCases.BaseClass">
    <ignored/>
  </testcase> <!-- @BeforeSuite driversetup -->
  <testcase name="@BeforeSuite driversetup" time="0.0" classname="testCases.BaseClass">
    <ignored/>
  </testcase> <!-- @BeforeSuite driversetup -->
  <testcase name="@BeforeSuite driversetup" time="0.0" classname="testCases.BaseClass">
    <ignored/>
  </testcase> <!-- @BeforeSuite driversetup -->
  <testcase name="@BeforeSuite driversetup" time="0.0" classname="testCases.BaseClass">
    <ignored/>
  </testcase> <!-- @BeforeSuite driversetup -->
  <testcase name="@BeforeSuite driversetup" time="0.0" classname="testCases.BaseClass">
    <ignored/>
  </testcase> <!-- @BeforeSuite driversetup -->
  <testcase name="@BeforeSuite driversetup" time="0.0" classname="testCases.BaseClass">
    <ignored/>
  </testcase> <!-- @BeforeSuite driversetup -->
</testsuite> <!-- Test -->
